#
# There is insufficient memory for the Java Runtime Environment to continue.
# Native memory allocation (malloc) failed to allocate 1224496 bytes for Chunk::new
# Possible reasons:
#   The system is out of physical RAM or swap space
#   The process is running with CompressedOops enabled, and the Java Heap may be blocking the growth of the native heap
# Possible solutions:
#   Reduce memory load on the system
#   Increase physical memory or swap space
#   Check if swap backing store is full
#   Decrease Java heap size (-Xmx/-Xms)
#   Decrease number of Java threads
#   Decrease Java thread stack sizes (-Xss)
#   Set larger code cache with -XX:ReservedCodeCacheSize=
#   JVM is running with Zero Based Compressed Oops mode in which the Java heap is
#     placed in the first 32GB address space. The Java Heap base address is the
#     maximum limit for the native heap growth. Please use -XX:HeapBaseMinAddress
#     to set the Java Heap base and to place the Java Heap above 32GB virtual address.
# This output file may be truncated or incomplete.
#
#  Out of Memory Error (allocation.cpp:389), pid=9904, tid=0x0000000000001094
#
# JRE version: Java(TM) SE Runtime Environment (8.0_271-b09) (build 1.8.0_271-b09)
# Java VM: Java HotSpot(TM) 64-Bit Server VM (25.271-b09 mixed mode windows-amd64 compressed oops)
# Failed to write core dump. Minidumps are not enabled by default on client versions of Windows
#

---------------  T H R E A D  ---------------

Current thread (0x0000024ef99ec000):  JavaThread "C2 CompilerThread0" daemon [_thread_in_native, id=4244, stack(0x0000009685700000,0x0000009685800000)]

Stack: [0x0000009685700000,0x0000009685800000]
Native frames: (J=compiled Java code, j=interpreted, Vv=VM code, C=native code)
V  [jvm.dll+0x33f6c9]
V  [jvm.dll+0x286122]
V  [jvm.dll+0x286dcd]
V  [jvm.dll+0x27d805]
V  [jvm.dll+0xe574c]
V  [jvm.dll+0xe5f4c]
V  [jvm.dll+0x480043]
V  [jvm.dll+0x447c30]
V  [jvm.dll+0x450c25]
V  [jvm.dll+0x44ffe5]
V  [jvm.dll+0x43aef7]
V  [jvm.dll+0xbc3eb]
V  [jvm.dll+0xbaa4b]
V  [jvm.dll+0x24e7c2]
V  [jvm.dll+0x2a2dcc]
C  [ucrtbase.dll+0x214c2]
C  [KERNEL32.DLL+0x17034]
C  [ntdll.dll+0x4d0d1]


Current CompileTask:
C2: 369091 13819   !   4       com.sun.tools.javac.comp.Flow$AssignAnalyzer::visitMethodDef (632 bytes)


---------------  P R O C E S S  ---------------

Java Threads: ( => current thread )
  0x0000024efdc71000 JavaThread "Cache worker for Build Output Cleanup Cache (C:\Users\ryora\Documents\mcmods\TerrariaMod\.gradle\buildOutputCleanup)" [_thread_blocked, id=5708, stack(0x0000009687900000,0x0000009687a00000)]
  0x0000024efdc73800 JavaThread "Cache worker for task history cache (C:\Users\ryora\Documents\mcmods\TerrariaMod\.gradle\4.10.3\taskHistory)" [_thread_blocked, id=5964, stack(0x0000009687800000,0x0000009687900000)]
  0x0000024efdc72800 JavaThread "Task worker for ':' Thread 3" [_thread_blocked, id=7940, stack(0x0000009687700000,0x0000009687800000)]
  0x0000024efdc76800 JavaThread "Task worker for ':' Thread 2" [_thread_blocked, id=9268, stack(0x0000009687600000,0x0000009687700000)]
  0x0000024efdc78000 JavaThread "Task worker for ':'" [_thread_in_native, id=10232, stack(0x0000009687000000,0x0000009687100000)]
  0x0000024efdc75800 JavaThread "Cache worker for file content cache (C:\Users\ryora\Documents\mcmods\TerrariaMod\.gradle\4.10.3\fileContent)" [_thread_blocked, id=7900, stack(0x0000009687300000,0x0000009687400000)]
  0x0000024efdc75000 JavaThread "Cache worker for file content cache (C:\Users\ryora\.gradle\caches\4.10.3\fileContent)" [_thread_blocked, id=6912, stack(0x0000009687200000,0x0000009687300000)]
  0x0000024efdc70800 JavaThread "Memory manager" [_thread_blocked, id=2464, stack(0x0000009687100000,0x0000009687200000)]
  0x0000024efdc74000 JavaThread "Build operations Thread 4" [_thread_blocked, id=2508, stack(0x0000009686f00000,0x0000009687000000)]
  0x0000024efdc77000 JavaThread "Build operations Thread 3" [_thread_blocked, id=6512, stack(0x0000009686e00000,0x0000009686f00000)]
  0x0000024efae5c800 JavaThread "Build operations Thread 2" [_thread_blocked, id=3188, stack(0x0000009686d00000,0x0000009686e00000)]
  0x0000024efae5d000 JavaThread "Build operations" [_thread_blocked, id=1760, stack(0x0000009686c00000,0x0000009686d00000)]
  0x0000024efae5a000 JavaThread "Cache worker for Artifact transforms cache (C:\Users\ryora\.gradle\caches\transforms-1)" [_thread_blocked, id=9820, stack(0x0000009686b00000,0x0000009686c00000)]
  0x0000024efae58800 JavaThread "Cache worker for cache directory md-rule (C:\Users\ryora\.gradle\caches\4.10.3\md-rule)" [_thread_blocked, id=1080, stack(0x0000009686a00000,0x0000009686b00000)]
  0x0000024efae5e800 JavaThread "Cache worker for cache directory md-supplier (C:\Users\ryora\.gradle\caches\4.10.3\md-supplier)" [_thread_blocked, id=6976, stack(0x0000009686900000,0x0000009686a00000)]
  0x0000024efae59000 JavaThread "Cache worker for journal cache (C:\Users\ryora\.gradle\caches\journal-1)" [_thread_blocked, id=7860, stack(0x0000009686800000,0x0000009686900000)]
  0x0000024efae5e000 JavaThread "Cache worker for file hash cache (C:\Users\ryora\Documents\mcmods\TerrariaMod\.gradle\4.10.3\fileHashes)" [_thread_blocked, id=7880, stack(0x0000009686700000,0x0000009686800000)]
  0x0000024efae5b800 JavaThread "File lock request listener" [_thread_in_native, id=5584, stack(0x0000009686600000,0x0000009686700000)]
  0x0000024efae5a800 JavaThread "Cache worker for file hash cache (C:\Users\ryora\.gradle\caches\4.10.3\fileHashes)" [_thread_blocked, id=332, stack(0x0000009686500000,0x0000009686600000)]
  0x0000024efaede800 JavaThread "Stdin handler" [_thread_blocked, id=6436, stack(0x0000009686400000,0x0000009686500000)]
  0x0000024efaedd800 JavaThread "Asynchronous log dispatcher for DefaultDaemonConnection: socket connection from /127.0.0.1:50945 to /127.0.0.1:50946" [_thread_blocked, id=3884, stack(0x0000009686300000,0x0000009686400000)]
  0x0000024efa6ad800 JavaThread "Daemon worker" [_thread_blocked, id=3500, stack(0x0000009686200000,0x0000009686300000)]
  0x0000024efaed8800 JavaThread "Cancel handler" [_thread_blocked, id=9624, stack(0x0000009686100000,0x0000009686200000)]
  0x0000024efa5a4800 JavaThread "Handler for socket connection from /127.0.0.1:50945 to /127.0.0.1:50946" [_thread_in_native, id=9652, stack(0x0000009686000000,0x0000009686100000)]
  0x0000024efa7d1800 JavaThread "Daemon" [_thread_blocked, id=7092, stack(0x0000009685f00000,0x0000009686000000)]
  0x0000024ef9a0e000 JavaThread "Daemon periodic checks" [_thread_blocked, id=1900, stack(0x0000009685e00000,0x0000009685f00000)]
  0x0000024ef9a0d000 JavaThread "Incoming local TCP Connector on port 50945" [_thread_in_native, id=10120, stack(0x0000009685d00000,0x0000009685e00000)]
  0x0000024efb81f800 JavaThread "Daemon health stats" [_thread_blocked, id=9320, stack(0x0000009685c00000,0x0000009685d00000)]
  0x0000024ef9a8a000 JavaThread "Service Thread" daemon [_thread_blocked, id=5364, stack(0x0000009685a00000,0x0000009685b00000)]
  0x0000024ef9a08800 JavaThread "C1 CompilerThread2" daemon [_thread_blocked, id=9672, stack(0x0000009685900000,0x0000009685a00000)]
  0x0000024ef99ee000 JavaThread "C2 CompilerThread1" daemon [_thread_in_native, id=5560, stack(0x0000009685800000,0x0000009685900000)]
=>0x0000024ef99ec000 JavaThread "C2 CompilerThread0" daemon [_thread_in_native, id=4244, stack(0x0000009685700000,0x0000009685800000)]
  0x0000024ef99e6800 JavaThread "Attach Listener" daemon [_thread_blocked, id=5660, stack(0x0000009685600000,0x0000009685700000)]
  0x0000024ef99e4000 JavaThread "Signal Dispatcher" daemon [_thread_blocked, id=6224, stack(0x0000009685500000,0x0000009685600000)]
  0x0000024ef929c000 JavaThread "Finalizer" daemon [_thread_blocked, id=796, stack(0x0000009685400000,0x0000009685500000)]
  0x0000024ef9293800 JavaThread "Reference Handler" daemon [_thread_blocked, id=9256, stack(0x0000009685300000,0x0000009685400000)]
  0x0000024ee0b03800 JavaThread "main" [_thread_blocked, id=7212, stack(0x0000009684d00000,0x0000009684e00000)]

Other Threads:
  0x0000024ef99a2000 VMThread [stack: 0x0000009685200000,0x0000009685300000] [id=9456]
  0x0000024ef9a8c800 WatcherThread [stack: 0x0000009685b00000,0x0000009685c00000] [id=7364]

VM state:not at safepoint (normal execution)

VM Mutex/Monitor currently owned by a thread: None

heap address: 0x0000000700000000, size: 3072 MB, Compressed Oops mode: Zero based, Oop shift amount: 3
Narrow klass base: 0x0000000000000000, Narrow klass shift: 3
Compressed class space size: 1073741824 Address: 0x00000007c0000000

Heap:
 PSYoungGen      total 558592K, used 204072K [0x0000000780000000, 0x00000007b3300000, 0x00000007c0000000)
  eden space 284672K, 71% used [0x0000000780000000,0x000000078c74a098,0x0000000791600000)
  from space 273920K, 0% used [0x0000000791600000,0x0000000791600000,0x00000007a2180000)
  to   space 261120K, 0% used [0x00000007a3400000,0x00000007a3400000,0x00000007b3300000)
 ParOldGen       total 410112K, used 409825K [0x0000000700000000, 0x0000000719080000, 0x0000000780000000)
  object space 410112K, 99% used [0x0000000700000000,0x00000007190387b0,0x0000000719080000)
 Metaspace       used 62196K, capacity 63238K, committed 63528K, reserved 1103872K
  class space    used 8362K, capacity 8691K, committed 8752K, reserved 1048576K

Card table byte_map: [0x0000024ef1990000,0x0000024ef1fa0000] byte_map_base: 0x0000024eee190000

Marking Bits: (ParMarkBitMap*) 0x00000000518d7fe0
 Begin Bits: [0x0000024ef23a0000, 0x0000024ef53a0000)
 End Bits:   [0x0000024ef53a0000, 0x0000024ef83a0000)

Polling page: 0x0000024ee0ce0000

CodeCache: size=245760Kb used=40092Kb max_used=42028Kb free=205667Kb
 bounds [0x0000024ee25d0000, 0x0000024ee4f40000, 0x0000024ef15d0000]
 total_blobs=9895 nmethods=9063 adapters=743
 compilation: enabled

Compilation events (10 events):
Event: 368.873 Thread 0x0000024ef99ee000 13840   !   4       com.sun.tools.javac.comp.Flow$AssignAnalyzer::visitClassDef (579 bytes)
Event: 368.935 Thread 0x0000024ef9a08800 13845   !   3       com.sun.tools.javac.main.JavaCompiler::flow (445 bytes)
Event: 368.945 Thread 0x0000024ef9a08800 nmethod 13845 0x0000024ee4308a10 code [0x0000024ee4309000, 0x0000024ee430cce0]
Event: 368.967 Thread 0x0000024ef99ee000 nmethod 13840 0x0000024ee4d1d690 code [0x0000024ee4d1d960, 0x0000024ee4d1fd60]
Event: 368.967 Thread 0x0000024ef99ee000 13843       4       com.sun.tools.javac.comp.Flow$AssignAnalyzer::visitSelect (78 bytes)
Event: 368.984 Thread 0x0000024ef99ee000 nmethod 13843 0x0000024ee4721d10 code [0x0000024ee4721ea0, 0x0000024ee47222b8]
Event: 368.984 Thread 0x0000024ef99ee000 13828       4       com.sun.tools.javac.comp.Resolve$LookupFilter::accepts (9 bytes)
Event: 368.987 Thread 0x0000024ef9a08800 13847       3       com.sun.tools.javac.comp.Flow$FlowAnalyzer::checkCaughtType (198 bytes)
Event: 368.987 Thread 0x0000024ef99ee000 nmethod 13828 0x0000024ee46b0090 code [0x0000024ee46b01e0, 0x0000024ee46b02f8]
Event: 368.987 Thread 0x0000024ef99ee000 13837       4       com.sun.tools.javac.comp.Resolve$LookupFilter::accepts (57 bytes)

GC Heap History (10 events):
Event: 337.365 GC heap before
{Heap before GC invocations=75 (full 30):
 PSYoungGen      total 558592K, used 284672K [0x0000000780000000, 0x00000007b3300000, 0x00000007c0000000)
  eden space 284672K, 100% used [0x0000000780000000,0x0000000791600000,0x0000000791600000)
  from space 273920K, 0% used [0x0000000791600000,0x0000000791600000,0x00000007a2180000)
  to   space 261120K, 0% used [0x00000007a3400000,0x00000007a3400000,0x00000007b3300000)
 ParOldGen       total 410112K, used 409687K [0x0000000700000000, 0x0000000719080000, 0x0000000780000000)
  object space 410112K, 99% used [0x0000000700000000,0x0000000719015dd0,0x0000000719080000)
 Metaspace       used 62176K, capacity 63238K, committed 63528K, reserved 1103872K
  class space    used 8360K, capacity 8691K, committed 8752K, reserved 1048576K
Event: 340.025 GC heap after
Heap after GC invocations=75 (full 30):
 PSYoungGen      total 558592K, used 93400K [0x0000000780000000, 0x00000007b3300000, 0x00000007c0000000)
  eden space 284672K, 32% used [0x0000000780000000,0x0000000785b36088,0x0000000791600000)
  from space 273920K, 0% used [0x0000000791600000,0x0000000791600000,0x00000007a2180000)
  to   space 261120K, 0% used [0x00000007a3400000,0x00000007a3400000,0x00000007b3300000)
 ParOldGen       total 410112K, used 409675K [0x0000000700000000, 0x0000000719080000, 0x0000000780000000)
  object space 410112K, 99% used [0x0000000700000000,0x0000000719012d10,0x0000000719080000)
 Metaspace       used 62176K, capacity 63238K, committed 63528K, reserved 1103872K
  class space    used 8360K, capacity 8691K, committed 8752K, reserved 1048576K
}
Event: 342.947 GC heap before
{Heap before GC invocations=76 (full 31):
 PSYoungGen      total 558592K, used 284672K [0x0000000780000000, 0x00000007b3300000, 0x00000007c0000000)
  eden space 284672K, 100% used [0x0000000780000000,0x0000000791600000,0x0000000791600000)
  from space 273920K, 0% used [0x0000000791600000,0x0000000791600000,0x00000007a2180000)
  to   space 261120K, 0% used [0x00000007a3400000,0x00000007a3400000,0x00000007b3300000)
 ParOldGen       total 410112K, used 409675K [0x0000000700000000, 0x0000000719080000, 0x0000000780000000)
  object space 410112K, 99% used [0x0000000700000000,0x0000000719012d10,0x0000000719080000)
 Metaspace       used 62176K, capacity 63238K, committed 63528K, reserved 1103872K
  class space    used 8360K, capacity 8691K, committed 8752K, reserved 1048576K
Event: 344.664 GC heap after
Heap after GC invocations=76 (full 31):
 PSYoungGen      total 558592K, used 93589K [0x0000000780000000, 0x00000007b3300000, 0x00000007c0000000)
  eden space 284672K, 32% used [0x0000000780000000,0x0000000785b65548,0x0000000791600000)
  from space 273920K, 0% used [0x0000000791600000,0x0000000791600000,0x00000007a2180000)
  to   space 261120K, 0% used [0x00000007a3400000,0x00000007a3400000,0x00000007b3300000)
 ParOldGen       total 410112K, used 409675K [0x0000000700000000, 0x0000000719080000, 0x0000000780000000)
  object space 410112K, 99% used [0x0000000700000000,0x0000000719012d10,0x0000000719080000)
 Metaspace       used 62176K, capacity 63238K, committed 63528K, reserved 1103872K
  class space    used 8360K, capacity 8691K, committed 8752K, reserved 1048576K
}
Event: 346.996 GC heap before
{Heap before GC invocations=77 (full 32):
 PSYoungGen      total 558592K, used 284672K [0x0000000780000000, 0x00000007b3300000, 0x00000007c0000000)
  eden space 284672K, 100% used [0x0000000780000000,0x0000000791600000,0x0000000791600000)
  from space 273920K, 0% used [0x0000000791600000,0x0000000791600000,0x00000007a2180000)
  to   space 261120K, 0% used [0x00000007a3400000,0x00000007a3400000,0x00000007b3300000)
 ParOldGen       total 410112K, used 409675K [0x0000000700000000, 0x0000000719080000, 0x0000000780000000)
  object space 410112K, 99% used [0x0000000700000000,0x0000000719012d10,0x0000000719080000)
 Metaspace       used 62176K, capacity 63238K, committed 63528K, reserved 1103872K
  class space    used 8360K, capacity 8691K, committed 8752K, reserved 1048576K
Event: 349.775 GC heap after
Heap after GC invocations=77 (full 32):
 PSYoungGen      total 558592K, used 94082K [0x0000000780000000, 0x00000007b3300000, 0x00000007c0000000)
  eden space 284672K, 33% used [0x0000000780000000,0x0000000785be0a60,0x0000000791600000)
  from space 273920K, 0% used [0x0000000791600000,0x0000000791600000,0x00000007a2180000)
  to   space 261120K, 0% used [0x00000007a3400000,0x00000007a3400000,0x00000007b3300000)
 ParOldGen       total 410112K, used 409634K [0x0000000700000000, 0x0000000719080000, 0x0000000780000000)
  object space 410112K, 99% used [0x0000000700000000,0x0000000719008b20,0x0000000719080000)
 Metaspace       used 62176K, capacity 63238K, committed 63528K, reserved 1103872K
  class space    used 8360K, capacity 8691K, committed 8752K, reserved 1048576K
}
Event: 352.337 GC heap before
{Heap before GC invocations=78 (full 33):
 PSYoungGen      total 558592K, used 284672K [0x0000000780000000, 0x00000007b3300000, 0x00000007c0000000)
  eden space 284672K, 100% used [0x0000000780000000,0x0000000791600000,0x0000000791600000)
  from space 273920K, 0% used [0x0000000791600000,0x0000000791600000,0x00000007a2180000)
  to   space 261120K, 0% used [0x00000007a3400000,0x00000007a3400000,0x00000007b3300000)
 ParOldGen       total 410112K, used 409634K [0x0000000700000000, 0x0000000719080000, 0x0000000780000000)
  object space 410112K, 99% used [0x0000000700000000,0x0000000719008b20,0x0000000719080000)
 Metaspace       used 62177K, capacity 63238K, committed 63528K, reserved 1103872K
  class space    used 8360K, capacity 8691K, committed 8752K, reserved 1048576K
Event: 353.990 GC heap after
Heap after GC invocations=78 (full 33):
 PSYoungGen      total 558592K, used 94193K [0x0000000780000000, 0x00000007b3300000, 0x00000007c0000000)
  eden space 284672K, 33% used [0x0000000780000000,0x0000000785bfc4a0,0x0000000791600000)
  from space 273920K, 0% used [0x0000000791600000,0x0000000791600000,0x00000007a2180000)
  to   space 261120K, 0% used [0x00000007a3400000,0x00000007a3400000,0x00000007b3300000)
 ParOldGen       total 410112K, used 409634K [0x0000000700000000, 0x0000000719080000, 0x0000000780000000)
  object space 410112K, 99% used [0x0000000700000000,0x0000000719008b20,0x0000000719080000)
 Metaspace       used 62177K, capacity 63238K, committed 63528K, reserved 1103872K
  class space    used 8360K, capacity 8691K, committed 8752K, reserved 1048576K
}
Event: 359.212 GC heap before
{Heap before GC invocations=79 (full 34):
 PSYoungGen      total 558592K, used 284672K [0x0000000780000000, 0x00000007b3300000, 0x00000007c0000000)
  eden space 284672K, 100% used [0x0000000780000000,0x0000000791600000,0x0000000791600000)
  from space 273920K, 0% used [0x0000000791600000,0x0000000791600000,0x00000007a2180000)
  to   space 261120K, 0% used [0x00000007a3400000,0x00000007a3400000,0x00000007b3300000)
 ParOldGen       total 410112K, used 409634K [0x0000000700000000, 0x0000000719080000, 0x0000000780000000)
  object space 410112K, 99% used [0x0000000700000000,0x0000000719008b20,0x0000000719080000)
 Metaspace       used 62184K, capacity 63238K, committed 63528K, reserved 1103872K
  class space    used 8360K, capacity 8691K, committed 8752K, reserved 1048576K
Event: 365.788 GC heap after
Heap after GC invocations=79 (full 34):
 PSYoungGen      total 558592K, used 97102K [0x0000000780000000, 0x00000007b3300000, 0x00000007c0000000)
  eden space 284672K, 34% used [0x0000000780000000,0x0000000785ed39a8,0x0000000791600000)
  from space 273920K, 0% used [0x0000000791600000,0x0000000791600000,0x00000007a2180000)
  to   space 261120K, 0% used [0x00000007a3400000,0x00000007a3400000,0x00000007b3300000)
 ParOldGen       total 410112K, used 409825K [0x0000000700000000, 0x0000000719080000, 0x0000000780000000)
  object space 410112K, 99% used [0x0000000700000000,0x00000007190387b0,0x0000000719080000)
 Metaspace       used 62184K, capacity 63238K, committed 63528K, reserved 1103872K
  class space    used 8360K, capacity 8691K, committed 8752K, reserved 1048576K
}

Deoptimization events (10 events):
Event: 367.225 Thread 0x0000024efdc78000 Uncommon trap: reason=bimorphic action=maybe_recompile pc=0x0000024ee38f6c58 method=com.sun.tools.javac.comp.Infer.generateReturnConstraints(Lcom/sun/tools/javac/tree/JCTree;Lcom/sun/tools/javac/comp/Attr$ResultInfo;Lcom/sun/tools/javac/code/Type$MethodTy
Event: 367.240 Thread 0x0000024efdc78000 Uncommon trap: reason=unstable_if action=reinterpret pc=0x0000024ee34da400 method=com.sun.tools.javac.comp.TransTypes.visitNewClass(Lcom/sun/tools/javac/tree/JCTree$JCNewClass;)V @ 4
Event: 367.732 Thread 0x0000024efdc78000 Uncommon trap: reason=class_check action=maybe_recompile pc=0x0000024ee4329b38 method=com.sun.tools.javac.comp.Lower.visitIf(Lcom/sun/tools/javac/tree/JCTree$JCIf;)V @ 58
Event: 367.910 Thread 0x0000024efdc78000 Uncommon trap: reason=bimorphic action=maybe_recompile pc=0x0000024ee38f6c58 method=com.sun.tools.javac.comp.Infer.generateReturnConstraints(Lcom/sun/tools/javac/tree/JCTree;Lcom/sun/tools/javac/comp/Attr$ResultInfo;Lcom/sun/tools/javac/code/Type$MethodTy
Event: 368.151 Thread 0x0000024efdc78000 Uncommon trap: reason=unstable_if action=reinterpret pc=0x0000024ee3888a48 method=com.sun.tools.javac.comp.DeferredAttr$CheckStuckPolicy.visitLambda(Lcom/sun/tools/javac/tree/JCTree$JCLambda;)V @ 14
Event: 368.223 Thread 0x0000024efdc78000 Uncommon trap: reason=unstable_if action=reinterpret pc=0x0000024ee40c235c method=com.sun.tools.javac.code.Type$MethodType.contains(Lcom/sun/tools/javac/code/Type;)Z @ 35
Event: 368.230 Thread 0x0000024efdc78000 Uncommon trap: reason=bimorphic action=maybe_recompile pc=0x0000024ee443da28 method=com.sun.tools.javac.comp.Flow$AssignAnalyzer.analyzeTree(Lcom/sun/tools/javac/comp/Env;Lcom/sun/tools/javac/tree/JCTree;)V @ 5
Event: 368.235 Thread 0x0000024efdc78000 Uncommon trap: reason=unstable_if action=reinterpret pc=0x0000024ee45ddbe0 method=com.sun.tools.javac.code.Types$Subst.visitMethodType(Lcom/sun/tools/javac/code/Type$MethodType;Ljava/lang/Void;)Lcom/sun/tools/javac/code/Type; @ 52
Event: 368.235 Thread 0x0000024efdc78000 Uncommon trap: reason=unstable_if action=reinterpret pc=0x0000024ee45e36cc method=com.sun.tools.javac.code.Types$Subst.visitMethodType(Lcom/sun/tools/javac/code/Type$MethodType;Ljava/lang/Void;)Lcom/sun/tools/javac/code/Type; @ 52
Event: 368.285 Thread 0x0000024efdc78000 Uncommon trap: reason=unstable_if action=reinterpret pc=0x0000024ee4678c2c method=com.sun.tools.javac.comp.Check.firstDirectIncompatibility(Lcom/sun/tools/javac/util/JCDiagnostic$DiagnosticPosition;Lcom/sun/tools/javac/code/Type;Lcom/sun/tools/javac/code/

Classes redefined (0 events):
No events

Internal exceptions (10 events):
Event: 115.676 Thread 0x0000024efdc78000 Implicit null exception at 0x0000024ee36ed95c to 0x0000024ee36edc61
Event: 116.970 Thread 0x0000024efdc78000 Implicit null exception at 0x0000024ee3c68438 to 0x0000024ee3c69745
Event: 116.985 Thread 0x0000024efdc78000 Implicit null exception at 0x0000024ee3619134 to 0x0000024ee36195b5
Event: 128.073 Thread 0x0000024efdc78000 Implicit null exception at 0x0000024ee3a44c67 to 0x0000024ee3a4529d
Event: 128.453 Thread 0x0000024efdc78000 Implicit null exception at 0x0000024ee379b78c to 0x0000024ee379b7ab
Event: 131.602 Thread 0x0000024efdc78000 Implicit null exception at 0x0000024ee42489e6 to 0x0000024ee4248b03
Event: 186.578 Thread 0x0000024efdc78000 Implicit null exception at 0x0000024ee4188278 to 0x0000024ee4188bd9
Event: 191.051 Thread 0x0000024efdc78000 Implicit null exception at 0x0000024ee3bb5f4a to 0x0000024ee3bb62a5
Event: 203.040 Thread 0x0000024efdc78000 Implicit null exception at 0x0000024ee4985bcc to 0x0000024ee49865e1
Event: 261.011 Thread 0x0000024efdc78000 Implicit null exception at 0x0000024ee433e790 to 0x0000024ee433fc7d

Events (10 events):
Event: 368.685 Thread 0x0000024ef9a08800 flushing nmethod 0x0000024ee4d0f290
Event: 368.685 Thread 0x0000024ef9a08800 flushing nmethod 0x0000024ee4d18d90
Event: 368.685 Thread 0x0000024ef9a08800 flushing nmethod 0x0000024ee4d1d690
Event: 368.685 Thread 0x0000024ef9a08800 flushing nmethod 0x0000024ee4d22050
Event: 368.685 Thread 0x0000024ef9a08800 flushing nmethod 0x0000024ee4d24c90
Event: 368.685 Thread 0x0000024ef9a08800 flushing nmethod 0x0000024ee4d73810
Event: 368.686 Thread 0x0000024ef9a08800 flushing nmethod 0x0000024ee4e10f90
Event: 368.686 Thread 0x0000024ef9a08800 flushing nmethod 0x0000024ee4e3af90
Event: 368.686 Thread 0x0000024ef9a08800 flushing nmethod 0x0000024ee4e5be50
Event: 368.687 Thread 0x0000024ef9a08800 flushing nmethod 0x0000024ee4eed4d0


Dynamic libraries:
0x00007ff6c9f20000 - 0x00007ff6c9f67000 	F:\JDK\bin\java.exe
0x00007ffd6fad0000 - 0x00007ffd6fcc6000 	C:\Windows\SYSTEM32\ntdll.dll
0x00007ffd6f7f0000 - 0x00007ffd6f8ad000 	C:\Windows\System32\KERNEL32.DLL
0x00007ffd6d860000 - 0x00007ffd6db29000 	C:\Windows\System32\KERNELBASE.dll
0x00007ffd6e600000 - 0x00007ffd6e6ac000 	C:\Windows\System32\ADVAPI32.dll
0x00007ffd6e6b0000 - 0x00007ffd6e74e000 	C:\Windows\System32\msvcrt.dll
0x00007ffd6e560000 - 0x00007ffd6e5fc000 	C:\Windows\System32\sechost.dll
0x00007ffd6e7e0000 - 0x00007ffd6e90b000 	C:\Windows\System32\RPCRT4.dll
0x00007ffd6db30000 - 0x00007ffd6dcd0000 	C:\Windows\System32\USER32.dll
0x00007ffd6d7b0000 - 0x00007ffd6d7d2000 	C:\Windows\System32\win32u.dll
0x00007ffd6e910000 - 0x00007ffd6e93a000 	C:\Windows\System32\GDI32.dll
0x00007ffd6d6a0000 - 0x00007ffd6d7a9000 	C:\Windows\System32\gdi32full.dll
0x00007ffd6d600000 - 0x00007ffd6d69d000 	C:\Windows\System32\msvcp_win.dll
0x00007ffd6d500000 - 0x00007ffd6d600000 	C:\Windows\System32\ucrtbase.dll
0x00007ffd5ae30000 - 0x00007ffd5b0cb000 	C:\Windows\WinSxS\amd64_microsoft.windows.common-controls_6595b64144ccf1df_6.0.19041.488_none_ca04af081b815d21\COMCTL32.dll
0x00007ffd6ddc0000 - 0x00007ffd6ddf0000 	C:\Windows\System32\IMM32.DLL
0x00007ffd628c0000 - 0x00007ffd628d5000 	F:\JDK\jre\bin\vcruntime140.dll
0x00007ffd57b20000 - 0x00007ffd57bbb000 	F:\JDK\jre\bin\msvcp140.dll
0x00000000510e0000 - 0x000000005194f000 	F:\JDK\jre\bin\server\jvm.dll
0x00007ffd6f8b0000 - 0x00007ffd6f8b8000 	C:\Windows\System32\PSAPI.DLL
0x00007ffd5b760000 - 0x00007ffd5b769000 	C:\Windows\SYSTEM32\WSOCK32.dll
0x00007ffd5b6f0000 - 0x00007ffd5b6fa000 	C:\Windows\SYSTEM32\VERSION.dll
0x00007ffd5b1e0000 - 0x00007ffd5b207000 	C:\Windows\SYSTEM32\WINMM.dll
0x00007ffd6e750000 - 0x00007ffd6e7bb000 	C:\Windows\System32\WS2_32.dll
0x00007ffd6baf0000 - 0x00007ffd6bb02000 	C:\Windows\SYSTEM32\kernel.appcore.dll
0x00007ffd65c50000 - 0x00007ffd65c60000 	F:\JDK\jre\bin\verify.dll
0x00007ffd62060000 - 0x00007ffd6208b000 	F:\JDK\jre\bin\java.dll
0x00007ffd61e10000 - 0x00007ffd61e28000 	F:\JDK\jre\bin\zip.dll
0x00007ffd6ef90000 - 0x00007ffd6f6d2000 	C:\Windows\System32\SHELL32.dll
0x00007ffd6af90000 - 0x00007ffd6b725000 	C:\Windows\SYSTEM32\windows.storage.dll
0x00007ffd6e200000 - 0x00007ffd6e556000 	C:\Windows\System32\combase.dll
0x00007ffd6cbb0000 - 0x00007ffd6cbdc000 	C:\Windows\SYSTEM32\Wldp.dll
0x00007ffd6f6e0000 - 0x00007ffd6f78e000 	C:\Windows\System32\SHCORE.dll
0x00007ffd6f8d0000 - 0x00007ffd6f925000 	C:\Windows\System32\shlwapi.dll
0x00007ffd6d140000 - 0x00007ffd6d166000 	C:\Windows\SYSTEM32\profapi.dll
0x00007ffd59200000 - 0x00007ffd5921c000 	F:\JDK\jre\bin\net.dll
0x00007ffd6c930000 - 0x00007ffd6c99a000 	C:\Windows\system32\mswsock.dll
0x00007ffd58b50000 - 0x00007ffd58b63000 	F:\JDK\jre\bin\nio.dll
0x00007ffd58570000 - 0x00007ffd5858e000 	C:\Users\ryora\.gradle\native\25\windows-amd64\native-platform.dll
0x00007ffd65380000 - 0x00007ffd6538d000 	F:\JDK\jre\bin\management.dll
0x00007ffd6cb10000 - 0x00007ffd6cb28000 	C:\Windows\SYSTEM32\CRYPTSP.dll
0x00007ffd6c2c0000 - 0x00007ffd6c2f4000 	C:\Windows\system32\rsaenh.dll
0x00007ffd6d830000 - 0x00007ffd6d857000 	C:\Windows\System32\bcrypt.dll
0x00007ffd6d0c0000 - 0x00007ffd6d0ee000 	C:\Windows\SYSTEM32\USERENV.dll
0x00007ffd6d210000 - 0x00007ffd6d290000 	C:\Windows\System32\bcryptprimitives.dll
0x00007ffd6cb00000 - 0x00007ffd6cb0c000 	C:\Windows\SYSTEM32\CRYPTBASE.dll
0x00007ffd6c620000 - 0x00007ffd6c65b000 	C:\Windows\SYSTEM32\IPHLPAPI.DLL
0x00007ffd6ddb0000 - 0x00007ffd6ddb8000 	C:\Windows\System32\NSI.dll
0x00007ffd60b90000 - 0x00007ffd60ba7000 	C:\Windows\SYSTEM32\dhcpcsvc6.DLL
0x00007ffd62570000 - 0x00007ffd6258d000 	C:\Windows\SYSTEM32\dhcpcsvc.DLL
0x00007ffd6c660000 - 0x00007ffd6c72b000 	C:\Windows\SYSTEM32\DNSAPI.dll
0x00007ffd61e30000 - 0x00007ffd61e54000 	F:\JDK\jre\bin\sunec.dll
0x00007ffd5eb60000 - 0x00007ffd5eb6a000 	C:\Windows\System32\rasadhlp.dll
0x00007ffd5f0c0000 - 0x00007ffd5f13f000 	C:\Windows\System32\fwpuclnt.dll
0x00007ffd637f0000 - 0x00007ffd637fd000 	F:\JDK\jre\bin\sunmscapi.dll
0x00007ffd6d2f0000 - 0x00007ffd6d44d000 	C:\Windows\System32\CRYPT32.dll
0x00007ffd6cc20000 - 0x00007ffd6cc47000 	C:\Windows\SYSTEM32\ncrypt.dll
0x00007ffd6cbe0000 - 0x00007ffd6cc1b000 	C:\Windows\SYSTEM32\NTASN1.dll
0x00007ffd59da0000 - 0x00007ffd59db7000 	C:\Windows\system32\napinsp.dll
0x00007ffd59c80000 - 0x00007ffd59c9b000 	C:\Windows\system32\pnrpnsp.dll
0x00007ffd67a10000 - 0x00007ffd67a25000 	C:\Windows\system32\wshbth.dll
0x00007ffd65120000 - 0x00007ffd6513d000 	C:\Windows\system32\NLAapi.dll
0x00007ffd59ad0000 - 0x00007ffd59ae2000 	C:\Windows\System32\winrnr.dll
0x00007ffd6b800000 - 0x00007ffd6b9e4000 	C:\Windows\SYSTEM32\dbghelp.dll

VM Arguments:
jvm_args: -Xmx3G -Dfile.encoding=windows-1252 -Duser.country=US -Duser.language=en -Duser.variant 
java_command: org.gradle.launcher.daemon.bootstrap.GradleDaemon 4.10.3
java_class_path (initial): C:\Users\ryora\.gradle\wrapper\dists\gradle-4.10.3-bin\31t79e2qsceia4mkbojplrgx\gradle-4.10.3\lib\gradle-launcher-4.10.3.jar
Launcher Type: SUN_STANDARD

Environment Variables:
JAVA_HOME=F:\JDK
CLASSPATH=C:\Users\ryora\Documents\mcmods\TerrariaMod\\gradle\wrapper\gradle-wrapper.jar
PATH=C:\CEdev\bin;C:\Windows\system32;C:\Windows;C:\Windows\System32\Wbem;C:\Windows\System32\WindowsPowerShell\v1.0\;C:\Windows\System32\OpenSSH\;C:\Program Files\nodejs\;C:\Program Files\Git\cmd;;C:\Program Files\Nintendo\Nintendo Dev Interface;C:\Users\ryora\AppData\Local\Programs\Python\Python39\Scripts\;C:\Users\ryora\AppData\Local\Programs\Python\Python39\;F:\jdk-11.0.9\bin;C:\Users\ryora\AppData\Local\Microsoft\WindowsApps;C:\Users\ryora\AppData\Local\GitHubDesktop\bin;E:\apache-maven-3.6.3-bin\apache-maven-3.6.3\bin;C:\Program Files (x86)\GnuWin32\bin;C:\Users\ryora\AppData\Roaming\npm;D:\apache-maven-3.6.3\bin;C:\Users\ryora\AppData\Local\Programs\Microsoft VS Code\bin;
USERNAME=ryora
OS=Windows_NT
PROCESSOR_IDENTIFIER=Intel64 Family 6 Model 76 Stepping 4, GenuineIntel



---------------  S Y S T E M  ---------------

OS: Windows 10.0 , 64 bit Build 19041 (10.0.19041.662)

CPU:total 4 (initial active 4) (4 cores per cpu, 1 threads per core) family 6 model 76 stepping 4, cmov, cx8, fxsr, mmx, sse, sse2, sse3, ssse3, sse4.1, sse4.2, popcnt, aes, clmul, erms, 3dnowpref, tsc, tscinvbit

Memory: 4k page, physical 4138292k(330000k free), swap 5626660k(2792k free)

vm_info: Java HotSpot(TM) 64-Bit Server VM (25.271-b09) for windows-amd64 JRE (1.8.0_271-b09), built on Sep 16 2020 19:14:59 by "" with MS VC++ 15.9 (VS2017)

time: Wed Jan 20 18:01:45 2021
timezone: Eastern Standard Time
elapsed time: 369.128190 seconds (0d 0h 6m 9s)

